<?xml version="1.0" encoding="UTF-8"?>
<coverage generated="1551271561360" clover="3.2.0">
  <project timestamp="1551271561360" name="All files">
    <metrics statements="8" coveredstatements="8" conditionals="3" coveredconditionals="3" methods="5" coveredmethods="5" elements="16" coveredelements="16" complexity="0" loc="8" ncloc="8" packages="1" files="2" classes="2"/>
    <file name="mappers.js" path="D:\js_work\nodejs_work\nodejs_02\myapp\mappers.js">
      <metrics statements="6" coveredstatements="6" conditionals="3" coveredconditionals="3" methods="4" coveredmethods="4"/>
      <line num="1" count="1" type="cond" truecount="3" falsecount="0"/>
      <line num="2" count="6" type="stmt"/>
      <line num="3" count="14" type="stmt"/>
      <line num="4" count="14" type="stmt"/>
      <line num="5" count="14" type="stmt"/>
      <line num="12" count="1" type="stmt"/>
    </file>
    <file name="sum.js" path="D:\js_work\nodejs_work\nodejs_02\myapp\sum.js">
      <metrics statements="2" coveredstatements="2" conditionals="0" coveredconditionals="0" methods="1" coveredmethods="1"/>
      <line num="2" count="1" type="stmt"/>
      <line num="5" count="1" type="stmt"/>
    </file>
  </project>
</coverage>
