{"D:\\js_work\\nodejs_work\\nodejs_02\\myapp\\mappers.js": {"path":"D:\\js_work\\nodejs_work\\nodejs_02\\myapp\\mappers.js","statementMap":{"0":{"start":{"line":1,"column":14},"end":{"line":10,"column":1}},"1":{"start":{"line":2,"column":4},"end":{"line":9,"column":7}},"2":{"start":{"line":3,"column":21},"end":{"line":3,"column":62}},"3":{"start":{"line":3,"column":43},"end":{"line":3,"column":61}},"4":{"start":{"line":4,"column":21},"end":{"line":4,"column":62}},"5":{"start":{"line":4,"column":43},"end":{"line":4,"column":61}},"6":{"start":{"line":5,"column":8},"end":{"line":8,"column":10}},"7":{"start":{"line":12,"column":0},"end":{"line":12,"column":25}}},"fnMap":{"0":{"name":"(anonymous_0)","decl":{"start":{"line":1,"column":14},"end":{"line":1,"column":15}},"loc":{"start":{"line":1,"column":63},"end":{"line":10,"column":1}},"line":1},"1":{"name":"(anonymous_1)","decl":{"start":{"line":2,"column":24},"end":{"line":2,"column":25}},"loc":{"start":{"line":2,"column":46},"end":{"line":9,"column":5}},"line":2},"2":{"name":"(anonymous_2)","decl":{"start":{"line":3,"column":35},"end":{"line":3,"column":36}},"loc":{"start":{"line":3,"column":43},"end":{"line":3,"column":61}},"line":3},"3":{"name":"(anonymous_3)","decl":{"start":{"line":4,"column":35},"end":{"line":4,"column":36}},"loc":{"start":{"line":4,"column":43},"end":{"line":4,"column":61}},"line":4}},"branchMap":{"0":{"loc":{"start":{"line":1,"column":15},"end":{"line":1,"column":28}},"type":"default-arg","locations":[{"start":{"line":1,"column":26},"end":{"line":1,"column":28}}],"line":1},"1":{"loc":{"start":{"line":1,"column":30},"end":{"line":1,"column":43}},"type":"default-arg","locations":[{"start":{"line":1,"column":41},"end":{"line":1,"column":43}}],"line":1},"2":{"loc":{"start":{"line":1,"column":45},"end":{"line":1,"column":58}},"type":"default-arg","locations":[{"start":{"line":1,"column":56},"end":{"line":1,"column":58}}],"line":1}},"s":{"0":1,"1":6,"2":14,"3":2,"4":14,"5":2,"6":14,"7":1},"f":{"0":6,"1":14,"2":2,"3":2},"b":{"0":[1],"1":[4],"2":[4]},"_coverageSchema":"43e27e138ebf9cfc5966b082cf9a028302ed4184","hash":"597f507c46e5670d15ab417092abfa38563c2ec0"}
,"D:\\js_work\\nodejs_work\\nodejs_02\\myapp\\sum.js": {"path":"D:\\js_work\\nodejs_work\\nodejs_02\\myapp\\sum.js","statementMap":{"0":{"start":{"line":2,"column":4},"end":{"line":2,"column":17}},"1":{"start":{"line":5,"column":0},"end":{"line":5,"column":23}}},"fnMap":{"0":{"name":"sum","decl":{"start":{"line":1,"column":9},"end":{"line":1,"column":12}},"loc":{"start":{"line":1,"column":18},"end":{"line":3,"column":1}},"line":1}},"branchMap":{},"s":{"0":1,"1":1},"f":{"0":1},"b":{},"_coverageSchema":"43e27e138ebf9cfc5966b082cf9a028302ed4184","hash":"268bc29e7025a7da47f9a45bbaaba3f44cfba1c2"}
}
